<?xml version="1.0" encoding="UTF-8"?>
<!-- Generated by org.testng.reporters.JUnitReportReporter -->
<testsuite hostname="LTIN507848" failures="0" tests="4" name="testRunner.TestRun" time="12.178" errors="0" timestamp="2025-07-14T11:02:47 IST" skipped="0">
  <testcase classname="testRunner.TestRun" name="runScenario" time="0.937"/>
  <testcase classname="testRunner.TestRun" name="runScenario" time="0.849"/>
  <testcase classname="testRunner.TestRun" name="runScenario" time="9.895"/>
  <testcase classname="testRunner.TestRun" name="runScenario" time="0.497"/>
</testsuite> <!-- testRunner.TestRun -->
