<?xml version="1.0" encoding="UTF-8"?>
<!-- Generated by org.testng.reporters.JUnitReportReporter -->
<testsuite hostname="LTIN507848" failures="0" tests="8" name="com.test.testCases.Main" time="25.280" errors="0" timestamp="2025-07-11T14:16:05 IST" skipped="0">
  <testcase classname="com.test.testCases.Main" name="districtHomePage" time="0.932"/>
  <testcase classname="com.test.testCases.Main" name="districtHomePage" time="1.096"/>
  <testcase classname="com.test.testCases.Main" name="districtActivitiesPage" time="10.186"/>
  <testcase classname="com.test.testCases.Main" name="districtActivitiesPage" time="10.339"/>
  <testcase classname="com.test.testCases.Main" name="districtMoviePage" time="0.539"/>
  <testcase classname="com.test.testCases.Main" name="districtMoviePage" time="0.565"/>
  <testcase classname="com.test.testCases.Main" name="districtSignIn" time="0.822"/>
  <testcase classname="com.test.testCases.Main" name="districtSignIn" time="0.801"/>
</testsuite> <!-- com.test.testCases.Main -->
