<?xml version="1.0" encoding="UTF-8"?>
<!-- Generated by org.testng.reporters.JUnitReportReporter -->
<testsuite hostname="LTIN507848" failures="0" tests="8" name="com.test.testCases.Main" time="24.421" errors="0" timestamp="2025-07-09T09:46:05 IST" skipped="0">
  <testcase classname="com.test.testCases.Main" name="districtHomePage" time="1.031"/>
  <testcase classname="com.test.testCases.Main" name="districtHomePage" time="1.192"/>
  <testcase classname="com.test.testCases.Main" name="districtActivitiesPage" time="9.725"/>
  <testcase classname="com.test.testCases.Main" name="districtActivitiesPage" time="9.009"/>
  <testcase classname="com.test.testCases.Main" name="districtMoviePage" time="0.888"/>
  <testcase classname="com.test.testCases.Main" name="districtMoviePage" time="0.766"/>
  <testcase classname="com.test.testCases.Main" name="districtSignIn" time="0.976"/>
  <testcase classname="com.test.testCases.Main" name="districtSignIn" time="0.834"/>
</testsuite> <!-- com.test.testCases.Main -->
