<?xml version="1.0" encoding="UTF-8"?>
<!-- Generated by org.testng.reporters.JUnitReportReporter -->
<testsuite hostname="LTIN507848" failures="0" tests="14" name="testRunner.TestRun" time="127.421" errors="0" timestamp="2025-07-15T12:35:39 IST" skipped="0">
  <testcase classname="testRunner.TestRun" name="runScenario" time="10.570"/>
  <testcase classname="testRunner.TestRun" name="runScenario" time="12.269"/>
  <testcase classname="testRunner.TestRun" name="runScenario" time="11.385"/>
  <testcase classname="testRunner.TestRun" name="runScenario" time="0.673"/>
  <testcase classname="testRunner.TestRun" name="runScenario" time="3.132"/>
  <testcase classname="testRunner.TestRun" name="runScenario" time="28.255"/>
  <testcase classname="testRunner.TestRun" name="runScenario" time="20.380"/>
  <testcase classname="testRunner.TestRun" name="runScenario" time="16.059"/>
  <testcase classname="testRunner.TestRun" name="runScenario" time="6.267"/>
  <testcase classname="testRunner.TestRun" name="runScenario" time="1.622"/>
  <testcase classname="testRunner.TestRun" name="runScenario" time="0.632"/>
  <testcase classname="testRunner.TestRun" name="runScenario" time="6.237"/>
  <testcase classname="testRunner.TestRun" name="runScenario" time="9.146"/>
  <testcase classname="testRunner.TestRun" name="runScenario" time="0.794"/>
</testsuite> <!-- testRunner.TestRun -->
