<?xml version="1.0" encoding="UTF-8"?>
<!-- Generated by org.testng.reporters.JUnitReportReporter -->
<testsuite hostname="LTIN507848" failures="0" tests="4" name="testRunner.TestRun" time="7.929" errors="0" timestamp="2025-07-14T17:27:24 IST" skipped="0">
  <testcase classname="testRunner.TestRun" name="runScenario" time="1.338"/>
  <testcase classname="testRunner.TestRun" name="runScenario" time="4.742"/>
  <testcase classname="testRunner.TestRun" name="runScenario" time="0.925"/>
  <testcase classname="testRunner.TestRun" name="runScenario" time="0.924"/>
</testsuite> <!-- testRunner.TestRun -->
